2025-12-01 17:31:59:056 [pool-6-thread-1] -  SQL: SHOW TABLES LIKE 'batch_%'
2025-12-01 17:31:59:060 [pool-6-thread-1] - Tables: 1
2025-12-01 17:31:59:061 [pool-6-thread-1] - ACTIVE entries collected: 0
2025-12-01 17:32:28:643 [pool-2-thread-1] -  SQL: SHOW TABLES LIKE 'batch_%'
2025-12-01 17:32:28:652 [pool-2-thread-1] - Tables: 1
2025-12-01 17:32:28:654 [pool-2-thread-1] - ACTIVE entries collected: 0
2025-12-01 17:32:40:380 [http-nio-8080-exec-1] - recipient_super_2512011732402961001_RecipientEntryService thread starting
2025-12-01 17:32:40:381 [http-nio-8080-exec-1] - super_report thread starting
2025-12-01 17:32:40:538 [super_ReportInsert] - report_super already exists. No need to create.
2025-12-01 17:32:46:748 [recipient_super_2512011732402961001_RecipientEntryService] - processQueue: 1
2025-12-01 17:32:46:748 [recipient_super_2512011732402961001_RecipientEntryService] - Executed: 1
2025-12-01 17:32:46:828 [super_ReportInsert] - processQueue: 1
2025-12-01 17:32:46:828 [super_ReportInsert] - Executed: 1
2025-12-01 17:32:54:596 [recipient_super_2512011732402961001_RecipientEntryService] - processQueue: 1
2025-12-01 17:32:54:598 [recipient_super_2512011732402961001_RecipientEntryService] - Executed: 1
2025-12-01 17:32:54:673 [super_ReportInsert] - processQueue: 1
2025-12-01 17:32:54:682 [super_ReportInsert] - Executed: 1
2025-12-01 17:32:59:864 [Batch_super_2512011732402961001] - recipient_super_2512011732402961001_RecipientEntryService Stopping.Queue:0
2025-12-01 17:32:59:865 [Batch_super_2512011732402961001] - super_ReportInsert Stopping.Queue:0
2025-12-01 17:32:59:902 [super_ReportInsert] - super_ReportInsert Stopped.Queue:0
2025-12-01 17:32:59:918 [recipient_super_2512011732402961001_RecipientEntryService] - recipient_super_2512011732402961001 Drop Command Received
2025-12-01 17:32:59:930 [recipient_super_2512011732402961001_RecipientEntryService] - recipient_super_2512011732402961001 Table Drop Success.
2025-12-01 17:32:59:930 [recipient_super_2512011732402961001_RecipientEntryService] - recipient_super_2512011732402961001_RecipientEntryService Stopped.Queue:0
